2019-02-25 14:33:20,808 WARN  [main] util.NativeCodeLoader (NativeCodeLoader.java:<clinit>(62)) - Unable to load native-hadoop library for your platform... using builtin-java classes where applicable
2019-02-25 14:33:21,074 INFO  [main] Configuration.deprecation (Configuration.java:warnOnceIfDeprecated(1049)) - session.id is deprecated. Instead, use dfs.metrics.session-id
2019-02-25 14:33:21,075 INFO  [main] jvm.JvmMetrics (JvmMetrics.java:init(76)) - Initializing JVM Metrics with processName=JobTracker, sessionId=
2019-02-25 14:33:21,417 WARN  [main] mapreduce.JobSubmitter (JobSubmitter.java:copyAndConfigureFiles(153)) - Hadoop command-line option parsing not performed. Implement the Tool interface and execute your application with ToolRunner to remedy this.
2019-02-25 14:33:21,456 INFO  [main] input.FileInputFormat (FileInputFormat.java:listStatus(281)) - Total input paths to process : 1
2019-02-25 14:33:21,475 INFO  [main] input.FileInputFormat (FileInputFormat.java:listStatus(281)) - Total input paths to process : 1
2019-02-25 14:33:21,503 INFO  [main] mapreduce.JobSubmitter (JobSubmitter.java:submitJobInternal(494)) - number of splits:2
2019-02-25 14:33:21,651 INFO  [main] mapreduce.JobSubmitter (JobSubmitter.java:printTokens(583)) - Submitting tokens for job: job_local638387924_0001
2019-02-25 14:33:22,097 INFO  [main] mapreduce.Job (Job.java:submit(1300)) - The url to track the job: http://localhost:8080/
2019-02-25 14:33:22,098 INFO  [main] mapreduce.Job (Job.java:monitorAndPrintJob(1345)) - Running job: job_local638387924_0001
2019-02-25 14:33:22,101 INFO  [Thread-13] mapred.LocalJobRunner (LocalJobRunner.java:createOutputCommitter(471)) - OutputCommitter set in config null
2019-02-25 14:33:22,107 INFO  [Thread-13] mapred.LocalJobRunner (LocalJobRunner.java:createOutputCommitter(489)) - OutputCommitter is org.apache.hadoop.mapreduce.lib.output.FileOutputCommitter
2019-02-25 14:33:22,216 INFO  [Thread-13] mapred.LocalJobRunner (LocalJobRunner.java:runTasks(448)) - Waiting for map tasks
2019-02-25 14:33:22,217 INFO  [LocalJobRunner Map Task Executor #0] mapred.LocalJobRunner (LocalJobRunner.java:run(224)) - Starting task: attempt_local638387924_0001_m_000000_0
2019-02-25 14:33:22,291 INFO  [LocalJobRunner Map Task Executor #0] mapred.Task (Task.java:initialize(587)) -  Using ResourceCalculatorProcessTree : [ ]
2019-02-25 14:33:22,294 INFO  [LocalJobRunner Map Task Executor #0] mapred.MapTask (MapTask.java:runNewMapper(753)) - Processing split: file:/home/rsharma/project2/N-matrix-large.txt:0+151040
2019-02-25 14:33:22,434 INFO  [LocalJobRunner Map Task Executor #0] mapred.MapTask (MapTask.java:setEquator(1202)) - (EQUATOR) 0 kvi 26214396(104857584)
2019-02-25 14:33:22,435 INFO  [LocalJobRunner Map Task Executor #0] mapred.MapTask (MapTask.java:init(995)) - mapreduce.task.io.sort.mb: 100
2019-02-25 14:33:22,435 INFO  [LocalJobRunner Map Task Executor #0] mapred.MapTask (MapTask.java:init(996)) - soft limit at 83886080
2019-02-25 14:33:22,435 INFO  [LocalJobRunner Map Task Executor #0] mapred.MapTask (MapTask.java:init(997)) - bufstart = 0; bufvoid = 104857600
2019-02-25 14:33:22,436 INFO  [LocalJobRunner Map Task Executor #0] mapred.MapTask (MapTask.java:init(998)) - kvstart = 26214396; length = 6553600
2019-02-25 14:33:22,439 INFO  [LocalJobRunner Map Task Executor #0] mapred.MapTask (MapTask.java:createSortingCollector(402)) - Map output collector class = org.apache.hadoop.mapred.MapTask$MapOutputBuffer
2019-02-25 14:33:23,733 INFO  [main] mapreduce.Job (Job.java:monitorAndPrintJob(1366)) - Job job_local638387924_0001 running in uber mode : false
2019-02-25 14:33:23,735 INFO  [main] mapreduce.Job (Job.java:monitorAndPrintJob(1373)) -  map 0% reduce 0%
2019-02-25 14:33:26,352 INFO  [LocalJobRunner Map Task Executor #0] mapred.LocalJobRunner (LocalJobRunner.java:statusUpdate(591)) - 
2019-02-25 14:33:26,352 INFO  [LocalJobRunner Map Task Executor #0] mapred.MapTask (MapTask.java:flush(1457)) - Starting flush of map output
2019-02-25 14:33:26,352 INFO  [LocalJobRunner Map Task Executor #0] mapred.MapTask (MapTask.java:flush(1475)) - Spilling map output
2019-02-25 14:33:26,352 INFO  [LocalJobRunner Map Task Executor #0] mapred.MapTask (MapTask.java:flush(1476)) - bufstart = 0; bufend = 149740; bufvoid = 104857600
2019-02-25 14:33:26,352 INFO  [LocalJobRunner Map Task Executor #0] mapred.MapTask (MapTask.java:flush(1478)) - kvstart = 26214396(104857584); kvend = 26184452(104737808); length = 29945/6553600
2019-02-25 14:33:26,435 INFO  [LocalJobRunner Map Task Executor #0] mapred.MapTask (MapTask.java:sortAndSpill(1660)) - Finished spill 0
2019-02-25 14:33:26,445 INFO  [LocalJobRunner Map Task Executor #0] mapred.Task (Task.java:done(1001)) - Task:attempt_local638387924_0001_m_000000_0 is done. And is in the process of committing
2019-02-25 14:33:26,463 INFO  [LocalJobRunner Map Task Executor #0] mapred.LocalJobRunner (LocalJobRunner.java:statusUpdate(591)) - map
2019-02-25 14:33:26,464 INFO  [LocalJobRunner Map Task Executor #0] mapred.Task (Task.java:sendDone(1121)) - Task 'attempt_local638387924_0001_m_000000_0' done.
2019-02-25 14:33:26,465 INFO  [LocalJobRunner Map Task Executor #0] mapred.LocalJobRunner (LocalJobRunner.java:run(249)) - Finishing task: attempt_local638387924_0001_m_000000_0
2019-02-25 14:33:26,465 INFO  [LocalJobRunner Map Task Executor #0] mapred.LocalJobRunner (LocalJobRunner.java:run(224)) - Starting task: attempt_local638387924_0001_m_000001_0
2019-02-25 14:33:26,466 INFO  [LocalJobRunner Map Task Executor #0] mapred.Task (Task.java:initialize(587)) -  Using ResourceCalculatorProcessTree : [ ]
2019-02-25 14:33:26,467 INFO  [LocalJobRunner Map Task Executor #0] mapred.MapTask (MapTask.java:runNewMapper(753)) - Processing split: file:/home/rsharma/project2/M-matrix-large.txt:0+98461
2019-02-25 14:33:26,484 INFO  [LocalJobRunner Map Task Executor #0] mapred.MapTask (MapTask.java:setEquator(1202)) - (EQUATOR) 0 kvi 26214396(104857584)
2019-02-25 14:33:26,484 INFO  [LocalJobRunner Map Task Executor #0] mapred.MapTask (MapTask.java:init(995)) - mapreduce.task.io.sort.mb: 100
2019-02-25 14:33:26,484 INFO  [LocalJobRunner Map Task Executor #0] mapred.MapTask (MapTask.java:init(996)) - soft limit at 83886080
2019-02-25 14:33:26,484 INFO  [LocalJobRunner Map Task Executor #0] mapred.MapTask (MapTask.java:init(997)) - bufstart = 0; bufvoid = 104857600
2019-02-25 14:33:26,484 INFO  [LocalJobRunner Map Task Executor #0] mapred.MapTask (MapTask.java:init(998)) - kvstart = 26214396; length = 6553600
2019-02-25 14:33:26,485 INFO  [LocalJobRunner Map Task Executor #0] mapred.MapTask (MapTask.java:createSortingCollector(402)) - Map output collector class = org.apache.hadoop.mapred.MapTask$MapOutputBuffer
2019-02-25 14:33:27,277 INFO  [main] mapreduce.Job (Job.java:monitorAndPrintJob(1373)) -  map 100% reduce 0%
2019-02-25 14:33:27,684 INFO  [LocalJobRunner Map Task Executor #0] mapred.LocalJobRunner (LocalJobRunner.java:statusUpdate(591)) - 
2019-02-25 14:33:27,685 INFO  [LocalJobRunner Map Task Executor #0] mapred.MapTask (MapTask.java:flush(1457)) - Starting flush of map output
2019-02-25 14:33:27,685 INFO  [LocalJobRunner Map Task Executor #0] mapred.MapTask (MapTask.java:flush(1475)) - Spilling map output
2019-02-25 14:33:27,685 INFO  [LocalJobRunner Map Task Executor #0] mapred.MapTask (MapTask.java:flush(1476)) - bufstart = 0; bufend = 99140; bufvoid = 104857600
2019-02-25 14:33:27,685 INFO  [LocalJobRunner Map Task Executor #0] mapred.MapTask (MapTask.java:flush(1478)) - kvstart = 26214396(104857584); kvend = 26194572(104778288); length = 19825/6553600
2019-02-25 14:33:27,695 INFO  [LocalJobRunner Map Task Executor #0] mapred.MapTask (MapTask.java:sortAndSpill(1660)) - Finished spill 0
2019-02-25 14:33:27,711 INFO  [LocalJobRunner Map Task Executor #0] mapred.Task (Task.java:done(1001)) - Task:attempt_local638387924_0001_m_000001_0 is done. And is in the process of committing
2019-02-25 14:33:27,718 INFO  [LocalJobRunner Map Task Executor #0] mapred.LocalJobRunner (LocalJobRunner.java:statusUpdate(591)) - map
2019-02-25 14:33:27,718 INFO  [LocalJobRunner Map Task Executor #0] mapred.Task (Task.java:sendDone(1121)) - Task 'attempt_local638387924_0001_m_000001_0' done.
2019-02-25 14:33:27,718 INFO  [LocalJobRunner Map Task Executor #0] mapred.LocalJobRunner (LocalJobRunner.java:run(249)) - Finishing task: attempt_local638387924_0001_m_000001_0
2019-02-25 14:33:27,718 INFO  [Thread-13] mapred.LocalJobRunner (LocalJobRunner.java:runTasks(456)) - map task executor complete.
2019-02-25 14:33:27,720 INFO  [Thread-13] mapred.LocalJobRunner (LocalJobRunner.java:runTasks(448)) - Waiting for reduce tasks
2019-02-25 14:33:27,720 INFO  [pool-3-thread-1] mapred.LocalJobRunner (LocalJobRunner.java:run(302)) - Starting task: attempt_local638387924_0001_r_000000_0
2019-02-25 14:33:27,726 INFO  [pool-3-thread-1] mapred.Task (Task.java:initialize(587)) -  Using ResourceCalculatorProcessTree : [ ]
2019-02-25 14:33:27,729 INFO  [pool-3-thread-1] mapred.ReduceTask (ReduceTask.java:run(362)) - Using ShuffleConsumerPlugin: org.apache.hadoop.mapreduce.task.reduce.Shuffle@dfb7497
2019-02-25 14:33:27,748 INFO  [pool-3-thread-1] reduce.MergeManagerImpl (MergeManagerImpl.java:<init>(196)) - MergerManager: memoryLimit=725562176, maxSingleShuffleLimit=181390544, mergeThreshold=478871040, ioSortFactor=10, memToMemMergeOutputsThreshold=10
2019-02-25 14:33:27,763 INFO  [EventFetcher for fetching Map Completion Events] reduce.EventFetcher (EventFetcher.java:run(61)) - attempt_local638387924_0001_r_000000_0 Thread started: EventFetcher for fetching Map Completion Events
2019-02-25 14:33:27,859 INFO  [localfetcher#1] reduce.LocalFetcher (LocalFetcher.java:copyMapOutput(141)) - localfetcher#1 about to shuffle output of map attempt_local638387924_0001_m_000000_0 decomp: 164716 len: 164720 to MEMORY
2019-02-25 14:33:27,873 INFO  [localfetcher#1] reduce.InMemoryMapOutput (InMemoryMapOutput.java:shuffle(100)) - Read 164716 bytes from map-output for attempt_local638387924_0001_m_000000_0
2019-02-25 14:33:27,892 INFO  [localfetcher#1] reduce.MergeManagerImpl (MergeManagerImpl.java:closeInMemoryFile(314)) - closeInMemoryFile -> map-output of size: 164716, inMemoryMapOutputs.size() -> 1, commitMemory -> 0, usedMemory ->164716
2019-02-25 14:33:27,914 INFO  [localfetcher#1] reduce.LocalFetcher (LocalFetcher.java:copyMapOutput(141)) - localfetcher#1 about to shuffle output of map attempt_local638387924_0001_m_000001_0 decomp: 109056 len: 109060 to MEMORY
2019-02-25 14:33:27,915 INFO  [localfetcher#1] reduce.InMemoryMapOutput (InMemoryMapOutput.java:shuffle(100)) - Read 109056 bytes from map-output for attempt_local638387924_0001_m_000001_0
2019-02-25 14:33:27,919 INFO  [localfetcher#1] reduce.MergeManagerImpl (MergeManagerImpl.java:closeInMemoryFile(314)) - closeInMemoryFile -> map-output of size: 109056, inMemoryMapOutputs.size() -> 2, commitMemory -> 164716, usedMemory ->273772
2019-02-25 14:33:27,919 INFO  [EventFetcher for fetching Map Completion Events] reduce.EventFetcher (EventFetcher.java:run(76)) - EventFetcher is interrupted.. Returning
2019-02-25 14:33:27,920 INFO  [pool-3-thread-1] mapred.LocalJobRunner (LocalJobRunner.java:statusUpdate(591)) - 2 / 2 copied.
2019-02-25 14:33:27,920 INFO  [pool-3-thread-1] reduce.MergeManagerImpl (MergeManagerImpl.java:finalMerge(674)) - finalMerge called with 2 in-memory map-outputs and 0 on-disk map-outputs
2019-02-25 14:33:27,924 INFO  [pool-3-thread-1] mapred.Merger (Merger.java:merge(597)) - Merging 2 sorted segments
2019-02-25 14:33:27,925 INFO  [pool-3-thread-1] mapred.Merger (Merger.java:merge(696)) - Down to the last merge-pass, with 2 segments left of total size: 273760 bytes
2019-02-25 14:33:27,999 INFO  [pool-3-thread-1] reduce.MergeManagerImpl (MergeManagerImpl.java:finalMerge(751)) - Merged 2 segments, 273772 bytes to disk to satisfy reduce memory limit
2019-02-25 14:33:27,999 INFO  [pool-3-thread-1] reduce.MergeManagerImpl (MergeManagerImpl.java:finalMerge(781)) - Merging 1 files, 273774 bytes from disk
2019-02-25 14:33:28,000 INFO  [pool-3-thread-1] reduce.MergeManagerImpl (MergeManagerImpl.java:finalMerge(796)) - Merging 0 segments, 0 bytes from memory into reduce
2019-02-25 14:33:28,000 INFO  [pool-3-thread-1] mapred.Merger (Merger.java:merge(597)) - Merging 1 sorted segments
2019-02-25 14:33:28,000 INFO  [pool-3-thread-1] mapred.Merger (Merger.java:merge(696)) - Down to the last merge-pass, with 1 segments left of total size: 273764 bytes
2019-02-25 14:33:28,001 INFO  [pool-3-thread-1] mapred.LocalJobRunner (LocalJobRunner.java:statusUpdate(591)) - 2 / 2 copied.
2019-02-25 14:33:28,062 INFO  [pool-3-thread-1] Configuration.deprecation (Configuration.java:warnOnceIfDeprecated(1049)) - mapred.skip.on is deprecated. Instead, use mapreduce.job.skiprecords
2019-02-25 14:33:29,064 INFO  [pool-3-thread-1] mapred.Task (Task.java:done(1001)) - Task:attempt_local638387924_0001_r_000000_0 is done. And is in the process of committing
2019-02-25 14:33:29,065 INFO  [pool-3-thread-1] mapred.LocalJobRunner (LocalJobRunner.java:statusUpdate(591)) - 2 / 2 copied.
2019-02-25 14:33:29,065 INFO  [pool-3-thread-1] mapred.Task (Task.java:commit(1162)) - Task attempt_local638387924_0001_r_000000_0 is allowed to commit now
2019-02-25 14:33:29,067 INFO  [pool-3-thread-1] output.FileOutputCommitter (FileOutputCommitter.java:commitTask(439)) - Saved output of task 'attempt_local638387924_0001_r_000000_0' to file:/home/rsharma/project2/intermediate/_temporary/0/task_local638387924_0001_r_000000
2019-02-25 14:33:29,068 INFO  [pool-3-thread-1] mapred.LocalJobRunner (LocalJobRunner.java:statusUpdate(591)) - reduce > reduce
2019-02-25 14:33:29,068 INFO  [pool-3-thread-1] mapred.Task (Task.java:sendDone(1121)) - Task 'attempt_local638387924_0001_r_000000_0' done.
2019-02-25 14:33:29,068 INFO  [pool-3-thread-1] mapred.LocalJobRunner (LocalJobRunner.java:run(325)) - Finishing task: attempt_local638387924_0001_r_000000_0
2019-02-25 14:33:29,068 INFO  [Thread-13] mapred.LocalJobRunner (LocalJobRunner.java:runTasks(456)) - reduce task executor complete.
2019-02-25 14:33:29,278 INFO  [main] mapreduce.Job (Job.java:monitorAndPrintJob(1373)) -  map 100% reduce 100%
2019-02-25 14:33:29,278 INFO  [main] mapreduce.Job (Job.java:monitorAndPrintJob(1384)) - Job job_local638387924_0001 completed successfully
2019-02-25 14:33:29,304 INFO  [main] mapreduce.Job (Job.java:monitorAndPrintJob(1391)) - Counters: 33
	File System Counters
		FILE: Number of bytes read=1223669
		FILE: Number of bytes written=10861390
		FILE: Number of read operations=0
		FILE: Number of large read operations=0
		FILE: Number of write operations=0
	Map-Reduce Framework
		Map input records=12444
		Map output records=12444
		Map output bytes=248880
		Map output materialized bytes=273780
		Input split bytes=474
		Combine input records=0
		Combine output records=0
		Reduce input groups=100
		Reduce shuffle bytes=273780
		Reduce input records=12444
		Reduce output records=372076
		Spilled Records=24888
		Shuffled Maps =2
		Failed Shuffles=0
		Merged Map outputs=2
		GC time elapsed (ms)=1991
		CPU time spent (ms)=0
		Physical memory (bytes) snapshot=0
		Virtual memory (bytes) snapshot=0
		Total committed heap usage (bytes)=3066560512
	Shuffle Errors
		BAD_ID=0
		CONNECTION=0
		IO_ERROR=0
		WRONG_LENGTH=0
		WRONG_MAP=0
		WRONG_REDUCE=0
	File Input Format Counters 
		Bytes Read=0
	File Output Format Counters 
		Bytes Written=9088939
2019-02-25 14:33:29,389 INFO  [main] jvm.JvmMetrics (JvmMetrics.java:init(71)) - Cannot initialize JVM Metrics with processName=JobTracker, sessionId= - already initialized
2019-02-25 14:33:29,414 WARN  [main] mapreduce.JobSubmitter (JobSubmitter.java:copyAndConfigureFiles(153)) - Hadoop command-line option parsing not performed. Implement the Tool interface and execute your application with ToolRunner to remedy this.
2019-02-25 14:33:29,551 INFO  [main] input.FileInputFormat (FileInputFormat.java:listStatus(281)) - Total input paths to process : 1
2019-02-25 14:33:29,598 INFO  [main] mapreduce.JobSubmitter (JobSubmitter.java:submitJobInternal(494)) - number of splits:1
2019-02-25 14:33:29,632 INFO  [main] mapreduce.JobSubmitter (JobSubmitter.java:printTokens(583)) - Submitting tokens for job: job_local271252783_0002
2019-02-25 14:33:29,779 INFO  [main] mapreduce.Job (Job.java:submit(1300)) - The url to track the job: http://localhost:8080/
2019-02-25 14:33:29,779 INFO  [main] mapreduce.Job (Job.java:monitorAndPrintJob(1345)) - Running job: job_local271252783_0002
2019-02-25 14:33:29,780 INFO  [Thread-38] mapred.LocalJobRunner (LocalJobRunner.java:createOutputCommitter(471)) - OutputCommitter set in config null
2019-02-25 14:33:29,791 INFO  [Thread-38] mapred.LocalJobRunner (LocalJobRunner.java:createOutputCommitter(489)) - OutputCommitter is org.apache.hadoop.mapreduce.lib.output.FileOutputCommitter
2019-02-25 14:33:29,806 INFO  [Thread-38] mapred.LocalJobRunner (LocalJobRunner.java:runTasks(448)) - Waiting for map tasks
2019-02-25 14:33:29,806 INFO  [LocalJobRunner Map Task Executor #0] mapred.LocalJobRunner (LocalJobRunner.java:run(224)) - Starting task: attempt_local271252783_0002_m_000000_0
2019-02-25 14:33:29,820 INFO  [LocalJobRunner Map Task Executor #0] mapred.Task (Task.java:initialize(587)) -  Using ResourceCalculatorProcessTree : [ ]
2019-02-25 14:33:29,823 INFO  [LocalJobRunner Map Task Executor #0] mapred.MapTask (MapTask.java:runNewMapper(753)) - Processing split: file:/home/rsharma/project2/intermediate/part-r-00000:0+9018471
2019-02-25 14:33:29,873 INFO  [LocalJobRunner Map Task Executor #0] mapred.MapTask (MapTask.java:setEquator(1202)) - (EQUATOR) 0 kvi 26214396(104857584)
2019-02-25 14:33:29,873 INFO  [LocalJobRunner Map Task Executor #0] mapred.MapTask (MapTask.java:init(995)) - mapreduce.task.io.sort.mb: 100
2019-02-25 14:33:29,873 INFO  [LocalJobRunner Map Task Executor #0] mapred.MapTask (MapTask.java:init(996)) - soft limit at 83886080
2019-02-25 14:33:29,873 INFO  [LocalJobRunner Map Task Executor #0] mapred.MapTask (MapTask.java:init(997)) - bufstart = 0; bufvoid = 104857600
2019-02-25 14:33:29,873 INFO  [LocalJobRunner Map Task Executor #0] mapred.MapTask (MapTask.java:init(998)) - kvstart = 26214396; length = 6553600
2019-02-25 14:33:29,874 INFO  [LocalJobRunner Map Task Executor #0] mapred.MapTask (MapTask.java:createSortingCollector(402)) - Map output collector class = org.apache.hadoop.mapred.MapTask$MapOutputBuffer
2019-02-25 14:33:30,779 INFO  [main] mapreduce.Job (Job.java:monitorAndPrintJob(1366)) - Job job_local271252783_0002 running in uber mode : false
2019-02-25 14:33:30,779 INFO  [main] mapreduce.Job (Job.java:monitorAndPrintJob(1373)) -  map 0% reduce 0%
2019-02-25 14:33:31,109 INFO  [LocalJobRunner Map Task Executor #0] mapred.LocalJobRunner (LocalJobRunner.java:statusUpdate(591)) - 
2019-02-25 14:33:31,110 INFO  [LocalJobRunner Map Task Executor #0] mapred.MapTask (MapTask.java:flush(1457)) - Starting flush of map output
2019-02-25 14:33:31,110 INFO  [LocalJobRunner Map Task Executor #0] mapred.MapTask (MapTask.java:flush(1475)) - Spilling map output
2019-02-25 14:33:31,110 INFO  [LocalJobRunner Map Task Executor #0] mapred.MapTask (MapTask.java:flush(1476)) - bufstart = 0; bufend = 5953216; bufvoid = 104857600
2019-02-25 14:33:31,110 INFO  [LocalJobRunner Map Task Executor #0] mapred.MapTask (MapTask.java:flush(1478)) - kvstart = 26214396(104857584); kvend = 24726096(98904384); length = 1488301/6553600
2019-02-25 14:33:32,658 INFO  [LocalJobRunner Map Task Executor #0] mapred.MapTask (MapTask.java:sortAndSpill(1660)) - Finished spill 0
2019-02-25 14:33:32,672 INFO  [LocalJobRunner Map Task Executor #0] mapred.Task (Task.java:done(1001)) - Task:attempt_local271252783_0002_m_000000_0 is done. And is in the process of committing
2019-02-25 14:33:32,675 INFO  [LocalJobRunner Map Task Executor #0] mapred.LocalJobRunner (LocalJobRunner.java:statusUpdate(591)) - map
2019-02-25 14:33:32,675 INFO  [LocalJobRunner Map Task Executor #0] mapred.Task (Task.java:sendDone(1121)) - Task 'attempt_local271252783_0002_m_000000_0' done.
2019-02-25 14:33:32,675 INFO  [LocalJobRunner Map Task Executor #0] mapred.LocalJobRunner (LocalJobRunner.java:run(249)) - Finishing task: attempt_local271252783_0002_m_000000_0
2019-02-25 14:33:32,675 INFO  [Thread-38] mapred.LocalJobRunner (LocalJobRunner.java:runTasks(456)) - map task executor complete.
2019-02-25 14:33:32,676 INFO  [Thread-38] mapred.LocalJobRunner (LocalJobRunner.java:runTasks(448)) - Waiting for reduce tasks
2019-02-25 14:33:32,682 INFO  [pool-6-thread-1] mapred.LocalJobRunner (LocalJobRunner.java:run(302)) - Starting task: attempt_local271252783_0002_r_000000_0
2019-02-25 14:33:32,683 INFO  [pool-6-thread-1] mapred.Task (Task.java:initialize(587)) -  Using ResourceCalculatorProcessTree : [ ]
2019-02-25 14:33:32,683 INFO  [pool-6-thread-1] mapred.ReduceTask (ReduceTask.java:run(362)) - Using ShuffleConsumerPlugin: org.apache.hadoop.mapreduce.task.reduce.Shuffle@2a81c92
2019-02-25 14:33:32,691 INFO  [pool-6-thread-1] reduce.MergeManagerImpl (MergeManagerImpl.java:<init>(196)) - MergerManager: memoryLimit=718956096, maxSingleShuffleLimit=179739024, mergeThreshold=474511040, ioSortFactor=10, memToMemMergeOutputsThreshold=10
2019-02-25 14:33:32,699 INFO  [EventFetcher for fetching Map Completion Events] reduce.EventFetcher (EventFetcher.java:run(61)) - attempt_local271252783_0002_r_000000_0 Thread started: EventFetcher for fetching Map Completion Events
2019-02-25 14:33:32,708 INFO  [localfetcher#2] reduce.LocalFetcher (LocalFetcher.java:copyMapOutput(141)) - localfetcher#2 about to shuffle output of map attempt_local271252783_0002_m_000000_0 decomp: 6697370 len: 6697374 to MEMORY
2019-02-25 14:33:32,714 INFO  [localfetcher#2] reduce.InMemoryMapOutput (InMemoryMapOutput.java:shuffle(100)) - Read 6697370 bytes from map-output for attempt_local271252783_0002_m_000000_0
2019-02-25 14:33:32,714 INFO  [localfetcher#2] reduce.MergeManagerImpl (MergeManagerImpl.java:closeInMemoryFile(314)) - closeInMemoryFile -> map-output of size: 6697370, inMemoryMapOutputs.size() -> 1, commitMemory -> 0, usedMemory ->6697370
2019-02-25 14:33:32,714 INFO  [EventFetcher for fetching Map Completion Events] reduce.EventFetcher (EventFetcher.java:run(76)) - EventFetcher is interrupted.. Returning
2019-02-25 14:33:32,715 INFO  [pool-6-thread-1] mapred.LocalJobRunner (LocalJobRunner.java:statusUpdate(591)) - 1 / 1 copied.
2019-02-25 14:33:32,715 INFO  [pool-6-thread-1] reduce.MergeManagerImpl (MergeManagerImpl.java:finalMerge(674)) - finalMerge called with 1 in-memory map-outputs and 0 on-disk map-outputs
2019-02-25 14:33:32,716 INFO  [pool-6-thread-1] mapred.Merger (Merger.java:merge(597)) - Merging 1 sorted segments
2019-02-25 14:33:32,718 INFO  [pool-6-thread-1] mapred.Merger (Merger.java:merge(696)) - Down to the last merge-pass, with 1 segments left of total size: 6697360 bytes
2019-02-25 14:33:32,780 INFO  [main] mapreduce.Job (Job.java:monitorAndPrintJob(1373)) -  map 100% reduce 0%
2019-02-25 14:33:32,833 INFO  [pool-6-thread-1] reduce.MergeManagerImpl (MergeManagerImpl.java:finalMerge(751)) - Merged 1 segments, 6697370 bytes to disk to satisfy reduce memory limit
2019-02-25 14:33:32,834 INFO  [pool-6-thread-1] reduce.MergeManagerImpl (MergeManagerImpl.java:finalMerge(781)) - Merging 1 files, 6697374 bytes from disk
2019-02-25 14:33:32,834 INFO  [pool-6-thread-1] reduce.MergeManagerImpl (MergeManagerImpl.java:finalMerge(796)) - Merging 0 segments, 0 bytes from memory into reduce
2019-02-25 14:33:32,834 INFO  [pool-6-thread-1] mapred.Merger (Merger.java:merge(597)) - Merging 1 sorted segments
2019-02-25 14:33:32,834 INFO  [pool-6-thread-1] mapred.Merger (Merger.java:merge(696)) - Down to the last merge-pass, with 1 segments left of total size: 6697360 bytes
2019-02-25 14:33:32,835 INFO  [pool-6-thread-1] mapred.LocalJobRunner (LocalJobRunner.java:statusUpdate(591)) - 1 / 1 copied.
2019-02-25 14:33:33,485 INFO  [pool-6-thread-1] mapred.Task (Task.java:done(1001)) - Task:attempt_local271252783_0002_r_000000_0 is done. And is in the process of committing
2019-02-25 14:33:33,492 INFO  [pool-6-thread-1] mapred.LocalJobRunner (LocalJobRunner.java:statusUpdate(591)) - 1 / 1 copied.
2019-02-25 14:33:33,492 INFO  [pool-6-thread-1] mapred.Task (Task.java:commit(1162)) - Task attempt_local271252783_0002_r_000000_0 is allowed to commit now
2019-02-25 14:33:33,493 INFO  [pool-6-thread-1] output.FileOutputCommitter (FileOutputCommitter.java:commitTask(439)) - Saved output of task 'attempt_local271252783_0002_r_000000_0' to file:/home/rsharma/project2/output/_temporary/0/task_local271252783_0002_r_000000
2019-02-25 14:33:33,494 INFO  [pool-6-thread-1] mapred.LocalJobRunner (LocalJobRunner.java:statusUpdate(591)) - reduce > reduce
2019-02-25 14:33:33,494 INFO  [pool-6-thread-1] mapred.Task (Task.java:sendDone(1121)) - Task 'attempt_local271252783_0002_r_000000_0' done.
2019-02-25 14:33:33,494 INFO  [pool-6-thread-1] mapred.LocalJobRunner (LocalJobRunner.java:run(325)) - Finishing task: attempt_local271252783_0002_r_000000_0
2019-02-25 14:33:33,494 INFO  [Thread-38] mapred.LocalJobRunner (LocalJobRunner.java:runTasks(456)) - reduce task executor complete.
2019-02-25 14:33:33,781 INFO  [main] mapreduce.Job (Job.java:monitorAndPrintJob(1373)) -  map 100% reduce 100%
2019-02-25 14:33:33,781 INFO  [main] mapreduce.Job (Job.java:monitorAndPrintJob(1384)) - Job job_local271252783_0002 completed successfully
2019-02-25 14:33:33,786 INFO  [main] mapreduce.Job (Job.java:monitorAndPrintJob(1391)) - Counters: 33
	File System Counters
		FILE: Number of bytes read=33200500
		FILE: Number of bytes written=41947531
		FILE: Number of read operations=0
		FILE: Number of large read operations=0
		FILE: Number of write operations=0
	Map-Reduce Framework
		Map input records=372076
		Map output records=372076
		Map output bytes=5953216
		Map output materialized bytes=6697374
		Input split bytes=118
		Combine input records=0
		Combine output records=0
		Reduce input groups=59889
		Reduce shuffle bytes=6697374
		Reduce input records=372076
		Reduce output records=59889
		Spilled Records=744152
		Shuffled Maps =1
		Failed Shuffles=0
		Merged Map outputs=1
		GC time elapsed (ms)=9
		CPU time spent (ms)=0
		Physical memory (bytes) snapshot=0
		Virtual memory (bytes) snapshot=0
		Total committed heap usage (bytes)=2054160384
	Shuffle Errors
		BAD_ID=0
		CONNECTION=0
		IO_ERROR=0
		WRONG_LENGTH=0
		WRONG_MAP=0
		WRONG_REDUCE=0
	File Input Format Counters 
		Bytes Read=9088939
	File Output Format Counters 
		Bytes Written=1535513
2019-02-25 14:33:33,787 INFO  [main] mapreduce.Job (Job.java:monitorAndPrintJob(1345)) - Running job: job_local638387924_0001
2019-02-25 14:33:33,787 INFO  [main] mapreduce.Job (Job.java:monitorAndPrintJob(1366)) - Job job_local638387924_0001 running in uber mode : false
2019-02-25 14:33:33,787 INFO  [main] mapreduce.Job (Job.java:monitorAndPrintJob(1373)) -  map 100% reduce 100%
2019-02-25 14:33:33,787 INFO  [main] mapreduce.Job (Job.java:monitorAndPrintJob(1384)) - Job job_local638387924_0001 completed successfully
2019-02-25 14:33:33,789 INFO  [main] mapreduce.Job (Job.java:monitorAndPrintJob(1391)) - Counters: 33
	File System Counters
		FILE: Number of bytes read=1223669
		FILE: Number of bytes written=10861390
		FILE: Number of read operations=0
		FILE: Number of large read operations=0
		FILE: Number of write operations=0
	Map-Reduce Framework
		Map input records=12444
		Map output records=12444
		Map output bytes=248880
		Map output materialized bytes=273780
		Input split bytes=474
		Combine input records=0
		Combine output records=0
		Reduce input groups=100
		Reduce shuffle bytes=273780
		Reduce input records=12444
		Reduce output records=372076
		Spilled Records=24888
		Shuffled Maps =2
		Failed Shuffles=0
		Merged Map outputs=2
		GC time elapsed (ms)=1991
		CPU time spent (ms)=0
		Physical memory (bytes) snapshot=0
		Virtual memory (bytes) snapshot=0
		Total committed heap usage (bytes)=3066560512
	Shuffle Errors
		BAD_ID=0
		CONNECTION=0
		IO_ERROR=0
		WRONG_LENGTH=0
		WRONG_MAP=0
		WRONG_REDUCE=0
	File Input Format Counters 
		Bytes Read=0
	File Output Format Counters 
		Bytes Written=9088939
