2019-02-19 21:40:09,601 WARN  [main] util.NativeCodeLoader (NativeCodeLoader.java:<clinit>(62)) - Unable to load native-hadoop library for your platform... using builtin-java classes where applicable
2019-02-19 21:40:09,867 INFO  [main] Configuration.deprecation (Configuration.java:warnOnceIfDeprecated(1049)) - session.id is deprecated. Instead, use dfs.metrics.session-id
2019-02-19 21:40:09,868 INFO  [main] jvm.JvmMetrics (JvmMetrics.java:init(76)) - Initializing JVM Metrics with processName=JobTracker, sessionId=
2019-02-19 21:40:10,221 WARN  [main] mapreduce.JobSubmitter (JobSubmitter.java:copyAndConfigureFiles(153)) - Hadoop command-line option parsing not performed. Implement the Tool interface and execute your application with ToolRunner to remedy this.
2019-02-19 21:40:10,250 INFO  [main] input.FileInputFormat (FileInputFormat.java:listStatus(281)) - Total input paths to process : 1
2019-02-19 21:40:10,291 INFO  [main] mapreduce.JobSubmitter (JobSubmitter.java:submitJobInternal(494)) - number of splits:1
2019-02-19 21:40:10,436 INFO  [main] mapreduce.JobSubmitter (JobSubmitter.java:printTokens(583)) - Submitting tokens for job: job_local432129560_0001
2019-02-19 21:40:10,915 INFO  [main] mapreduce.Job (Job.java:submit(1300)) - The url to track the job: http://localhost:8080/
2019-02-19 21:40:10,917 INFO  [main] mapreduce.Job (Job.java:monitorAndPrintJob(1345)) - Running job: job_local432129560_0001
2019-02-19 21:40:10,920 INFO  [Thread-13] mapred.LocalJobRunner (LocalJobRunner.java:createOutputCommitter(471)) - OutputCommitter set in config null
2019-02-19 21:40:10,942 INFO  [Thread-13] mapred.LocalJobRunner (LocalJobRunner.java:createOutputCommitter(489)) - OutputCommitter is org.apache.hadoop.mapreduce.lib.output.FileOutputCommitter
2019-02-19 21:40:11,031 INFO  [Thread-13] mapred.LocalJobRunner (LocalJobRunner.java:runTasks(448)) - Waiting for map tasks
2019-02-19 21:40:11,031 INFO  [LocalJobRunner Map Task Executor #0] mapred.LocalJobRunner (LocalJobRunner.java:run(224)) - Starting task: attempt_local432129560_0001_m_000000_0
2019-02-19 21:40:11,074 INFO  [LocalJobRunner Map Task Executor #0] mapred.Task (Task.java:initialize(587)) -  Using ResourceCalculatorProcessTree : [ ]
2019-02-19 21:40:11,077 INFO  [LocalJobRunner Map Task Executor #0] mapred.MapTask (MapTask.java:runNewMapper(753)) - Processing split: file:/home/rsharma/project1/small-graph.txt:0+165
2019-02-19 21:40:11,264 INFO  [LocalJobRunner Map Task Executor #0] mapred.MapTask (MapTask.java:setEquator(1202)) - (EQUATOR) 0 kvi 26214396(104857584)
2019-02-19 21:40:11,275 INFO  [LocalJobRunner Map Task Executor #0] mapred.MapTask (MapTask.java:init(995)) - mapreduce.task.io.sort.mb: 100
2019-02-19 21:40:11,275 INFO  [LocalJobRunner Map Task Executor #0] mapred.MapTask (MapTask.java:init(996)) - soft limit at 83886080
2019-02-19 21:40:11,275 INFO  [LocalJobRunner Map Task Executor #0] mapred.MapTask (MapTask.java:init(997)) - bufstart = 0; bufvoid = 104857600
2019-02-19 21:40:11,275 INFO  [LocalJobRunner Map Task Executor #0] mapred.MapTask (MapTask.java:init(998)) - kvstart = 26214396; length = 6553600
2019-02-19 21:40:11,289 INFO  [LocalJobRunner Map Task Executor #0] mapred.MapTask (MapTask.java:createSortingCollector(402)) - Map output collector class = org.apache.hadoop.mapred.MapTask$MapOutputBuffer
2019-02-19 21:40:11,369 INFO  [LocalJobRunner Map Task Executor #0] mapred.LocalJobRunner (LocalJobRunner.java:statusUpdate(591)) - 
2019-02-19 21:40:11,370 INFO  [LocalJobRunner Map Task Executor #0] mapred.MapTask (MapTask.java:flush(1457)) - Starting flush of map output
2019-02-19 21:40:11,370 INFO  [LocalJobRunner Map Task Executor #0] mapred.MapTask (MapTask.java:flush(1475)) - Spilling map output
2019-02-19 21:40:11,370 INFO  [LocalJobRunner Map Task Executor #0] mapred.MapTask (MapTask.java:flush(1476)) - bufstart = 0; bufend = 496; bufvoid = 104857600
2019-02-19 21:40:11,370 INFO  [LocalJobRunner Map Task Executor #0] mapred.MapTask (MapTask.java:flush(1478)) - kvstart = 26214396(104857584); kvend = 26214276(104857104); length = 121/6553600
2019-02-19 21:40:11,379 INFO  [LocalJobRunner Map Task Executor #0] mapred.MapTask (MapTask.java:sortAndSpill(1660)) - Finished spill 0
2019-02-19 21:40:11,382 INFO  [LocalJobRunner Map Task Executor #0] mapred.Task (Task.java:done(1001)) - Task:attempt_local432129560_0001_m_000000_0 is done. And is in the process of committing
2019-02-19 21:40:11,400 INFO  [LocalJobRunner Map Task Executor #0] mapred.LocalJobRunner (LocalJobRunner.java:statusUpdate(591)) - map
2019-02-19 21:40:11,400 INFO  [LocalJobRunner Map Task Executor #0] mapred.Task (Task.java:sendDone(1121)) - Task 'attempt_local432129560_0001_m_000000_0' done.
2019-02-19 21:40:11,400 INFO  [LocalJobRunner Map Task Executor #0] mapred.LocalJobRunner (LocalJobRunner.java:run(249)) - Finishing task: attempt_local432129560_0001_m_000000_0
2019-02-19 21:40:11,400 INFO  [Thread-13] mapred.LocalJobRunner (LocalJobRunner.java:runTasks(456)) - map task executor complete.
2019-02-19 21:40:11,406 INFO  [Thread-13] mapred.LocalJobRunner (LocalJobRunner.java:runTasks(448)) - Waiting for reduce tasks
2019-02-19 21:40:11,406 INFO  [pool-3-thread-1] mapred.LocalJobRunner (LocalJobRunner.java:run(302)) - Starting task: attempt_local432129560_0001_r_000000_0
2019-02-19 21:40:11,412 INFO  [pool-3-thread-1] mapred.Task (Task.java:initialize(587)) -  Using ResourceCalculatorProcessTree : [ ]
2019-02-19 21:40:11,415 INFO  [pool-3-thread-1] mapred.ReduceTask (ReduceTask.java:run(362)) - Using ShuffleConsumerPlugin: org.apache.hadoop.mapreduce.task.reduce.Shuffle@2a133523
2019-02-19 21:40:11,434 INFO  [pool-3-thread-1] reduce.MergeManagerImpl (MergeManagerImpl.java:<init>(196)) - MergerManager: memoryLimit=703542080, maxSingleShuffleLimit=175885520, mergeThreshold=464337792, ioSortFactor=10, memToMemMergeOutputsThreshold=10
2019-02-19 21:40:11,450 INFO  [EventFetcher for fetching Map Completion Events] reduce.EventFetcher (EventFetcher.java:run(61)) - attempt_local432129560_0001_r_000000_0 Thread started: EventFetcher for fetching Map Completion Events
2019-02-19 21:40:11,537 INFO  [localfetcher#1] reduce.LocalFetcher (LocalFetcher.java:copyMapOutput(141)) - localfetcher#1 about to shuffle output of map attempt_local432129560_0001_m_000000_0 decomp: 560 len: 564 to MEMORY
2019-02-19 21:40:11,540 INFO  [localfetcher#1] reduce.InMemoryMapOutput (InMemoryMapOutput.java:shuffle(100)) - Read 560 bytes from map-output for attempt_local432129560_0001_m_000000_0
2019-02-19 21:40:11,581 INFO  [localfetcher#1] reduce.MergeManagerImpl (MergeManagerImpl.java:closeInMemoryFile(314)) - closeInMemoryFile -> map-output of size: 560, inMemoryMapOutputs.size() -> 1, commitMemory -> 0, usedMemory ->560
2019-02-19 21:40:11,595 INFO  [EventFetcher for fetching Map Completion Events] reduce.EventFetcher (EventFetcher.java:run(76)) - EventFetcher is interrupted.. Returning
2019-02-19 21:40:11,596 INFO  [pool-3-thread-1] mapred.LocalJobRunner (LocalJobRunner.java:statusUpdate(591)) - 1 / 1 copied.
2019-02-19 21:40:11,596 INFO  [pool-3-thread-1] reduce.MergeManagerImpl (MergeManagerImpl.java:finalMerge(674)) - finalMerge called with 1 in-memory map-outputs and 0 on-disk map-outputs
2019-02-19 21:40:11,610 INFO  [pool-3-thread-1] mapred.Merger (Merger.java:merge(597)) - Merging 1 sorted segments
2019-02-19 21:40:11,610 INFO  [pool-3-thread-1] mapred.Merger (Merger.java:merge(696)) - Down to the last merge-pass, with 1 segments left of total size: 550 bytes
2019-02-19 21:40:11,612 INFO  [pool-3-thread-1] reduce.MergeManagerImpl (MergeManagerImpl.java:finalMerge(751)) - Merged 1 segments, 560 bytes to disk to satisfy reduce memory limit
2019-02-19 21:40:11,612 INFO  [pool-3-thread-1] reduce.MergeManagerImpl (MergeManagerImpl.java:finalMerge(781)) - Merging 1 files, 564 bytes from disk
2019-02-19 21:40:11,612 INFO  [pool-3-thread-1] reduce.MergeManagerImpl (MergeManagerImpl.java:finalMerge(796)) - Merging 0 segments, 0 bytes from memory into reduce
2019-02-19 21:40:11,612 INFO  [pool-3-thread-1] mapred.Merger (Merger.java:merge(597)) - Merging 1 sorted segments
2019-02-19 21:40:11,613 INFO  [pool-3-thread-1] mapred.Merger (Merger.java:merge(696)) - Down to the last merge-pass, with 1 segments left of total size: 550 bytes
2019-02-19 21:40:11,613 INFO  [pool-3-thread-1] mapred.LocalJobRunner (LocalJobRunner.java:statusUpdate(591)) - 1 / 1 copied.
2019-02-19 21:40:11,658 INFO  [pool-3-thread-1] Configuration.deprecation (Configuration.java:warnOnceIfDeprecated(1049)) - mapred.skip.on is deprecated. Instead, use mapreduce.job.skiprecords
2019-02-19 21:40:11,663 INFO  [pool-3-thread-1] mapred.Task (Task.java:done(1001)) - Task:attempt_local432129560_0001_r_000000_0 is done. And is in the process of committing
2019-02-19 21:40:11,664 INFO  [pool-3-thread-1] mapred.LocalJobRunner (LocalJobRunner.java:statusUpdate(591)) - 1 / 1 copied.
2019-02-19 21:40:11,664 INFO  [pool-3-thread-1] mapred.Task (Task.java:commit(1162)) - Task attempt_local432129560_0001_r_000000_0 is allowed to commit now
2019-02-19 21:40:11,665 INFO  [pool-3-thread-1] output.FileOutputCommitter (FileOutputCommitter.java:commitTask(439)) - Saved output of task 'attempt_local432129560_0001_r_000000_0' to file:/tmp/rxs/_temporary/0/task_local432129560_0001_r_000000
2019-02-19 21:40:11,665 INFO  [pool-3-thread-1] mapred.LocalJobRunner (LocalJobRunner.java:statusUpdate(591)) - reduce > reduce
2019-02-19 21:40:11,665 INFO  [pool-3-thread-1] mapred.Task (Task.java:sendDone(1121)) - Task 'attempt_local432129560_0001_r_000000_0' done.
2019-02-19 21:40:11,665 INFO  [pool-3-thread-1] mapred.LocalJobRunner (LocalJobRunner.java:run(325)) - Finishing task: attempt_local432129560_0001_r_000000_0
2019-02-19 21:40:11,666 INFO  [Thread-13] mapred.LocalJobRunner (LocalJobRunner.java:runTasks(456)) - reduce task executor complete.
2019-02-19 21:40:11,918 INFO  [main] mapreduce.Job (Job.java:monitorAndPrintJob(1366)) - Job job_local432129560_0001 running in uber mode : false
2019-02-19 21:40:11,919 INFO  [main] mapreduce.Job (Job.java:monitorAndPrintJob(1373)) -  map 100% reduce 100%
2019-02-19 21:40:11,920 INFO  [main] mapreduce.Job (Job.java:monitorAndPrintJob(1384)) - Job job_local432129560_0001 completed successfully
2019-02-19 21:40:11,930 INFO  [main] mapreduce.Job (Job.java:monitorAndPrintJob(1391)) - Counters: 33
	File System Counters
		FILE: Number of bytes read=11082
		FILE: Number of bytes written=518234
		FILE: Number of read operations=0
		FILE: Number of large read operations=0
		FILE: Number of write operations=0
	Map-Reduce Framework
		Map input records=31
		Map output records=31
		Map output bytes=496
		Map output materialized bytes=564
		Input split bytes=108
		Combine input records=0
		Combine output records=0
		Reduce input groups=8
		Reduce shuffle bytes=564
		Reduce input records=31
		Reduce output records=8
		Spilled Records=62
		Shuffled Maps =1
		Failed Shuffles=0
		Merged Map outputs=1
		GC time elapsed (ms)=100
		CPU time spent (ms)=0
		Physical memory (bytes) snapshot=0
		Virtual memory (bytes) snapshot=0
		Total committed heap usage (bytes)=2010120192
	Shuffle Errors
		BAD_ID=0
		CONNECTION=0
		IO_ERROR=0
		WRONG_LENGTH=0
		WRONG_MAP=0
		WRONG_REDUCE=0
	File Input Format Counters 
		Bytes Read=165
	File Output Format Counters 
		Bytes Written=298
2019-02-19 21:40:11,960 INFO  [main] jvm.JvmMetrics (JvmMetrics.java:init(71)) - Cannot initialize JVM Metrics with processName=JobTracker, sessionId= - already initialized
2019-02-19 21:40:11,971 WARN  [main] mapreduce.JobSubmitter (JobSubmitter.java:copyAndConfigureFiles(153)) - Hadoop command-line option parsing not performed. Implement the Tool interface and execute your application with ToolRunner to remedy this.
2019-02-19 21:40:12,011 INFO  [main] input.FileInputFormat (FileInputFormat.java:listStatus(281)) - Total input paths to process : 1
2019-02-19 21:40:12,020 INFO  [main] mapreduce.JobSubmitter (JobSubmitter.java:submitJobInternal(494)) - number of splits:1
2019-02-19 21:40:12,043 INFO  [main] mapreduce.JobSubmitter (JobSubmitter.java:printTokens(583)) - Submitting tokens for job: job_local326475421_0002
2019-02-19 21:40:12,212 INFO  [main] mapreduce.Job (Job.java:submit(1300)) - The url to track the job: http://localhost:8080/
2019-02-19 21:40:12,212 INFO  [main] mapreduce.Job (Job.java:monitorAndPrintJob(1345)) - Running job: job_local326475421_0002
2019-02-19 21:40:12,213 INFO  [Thread-37] mapred.LocalJobRunner (LocalJobRunner.java:createOutputCommitter(471)) - OutputCommitter set in config null
2019-02-19 21:40:12,214 INFO  [Thread-37] mapred.LocalJobRunner (LocalJobRunner.java:createOutputCommitter(489)) - OutputCommitter is org.apache.hadoop.mapreduce.lib.output.FileOutputCommitter
2019-02-19 21:40:12,239 INFO  [Thread-37] mapred.LocalJobRunner (LocalJobRunner.java:runTasks(448)) - Waiting for map tasks
2019-02-19 21:40:12,240 INFO  [LocalJobRunner Map Task Executor #0] mapred.LocalJobRunner (LocalJobRunner.java:run(224)) - Starting task: attempt_local326475421_0002_m_000000_0
2019-02-19 21:40:12,256 INFO  [LocalJobRunner Map Task Executor #0] mapred.Task (Task.java:initialize(587)) -  Using ResourceCalculatorProcessTree : [ ]
2019-02-19 21:40:12,256 INFO  [LocalJobRunner Map Task Executor #0] mapred.MapTask (MapTask.java:runNewMapper(753)) - Processing split: file:/tmp/rxs/part-r-00000:0+286
2019-02-19 21:40:12,394 INFO  [LocalJobRunner Map Task Executor #0] mapred.MapTask (MapTask.java:setEquator(1202)) - (EQUATOR) 0 kvi 26214396(104857584)
2019-02-19 21:40:12,394 INFO  [LocalJobRunner Map Task Executor #0] mapred.MapTask (MapTask.java:init(995)) - mapreduce.task.io.sort.mb: 100
2019-02-19 21:40:12,395 INFO  [LocalJobRunner Map Task Executor #0] mapred.MapTask (MapTask.java:init(996)) - soft limit at 83886080
2019-02-19 21:40:12,395 INFO  [LocalJobRunner Map Task Executor #0] mapred.MapTask (MapTask.java:init(997)) - bufstart = 0; bufvoid = 104857600
2019-02-19 21:40:12,395 INFO  [LocalJobRunner Map Task Executor #0] mapred.MapTask (MapTask.java:init(998)) - kvstart = 26214396; length = 6553600
2019-02-19 21:40:12,422 INFO  [LocalJobRunner Map Task Executor #0] mapred.MapTask (MapTask.java:createSortingCollector(402)) - Map output collector class = org.apache.hadoop.mapred.MapTask$MapOutputBuffer
2019-02-19 21:40:12,441 INFO  [LocalJobRunner Map Task Executor #0] mapred.LocalJobRunner (LocalJobRunner.java:statusUpdate(591)) - 
2019-02-19 21:40:12,442 INFO  [LocalJobRunner Map Task Executor #0] mapred.MapTask (MapTask.java:flush(1457)) - Starting flush of map output
2019-02-19 21:40:12,443 INFO  [LocalJobRunner Map Task Executor #0] mapred.MapTask (MapTask.java:flush(1475)) - Spilling map output
2019-02-19 21:40:12,444 INFO  [LocalJobRunner Map Task Executor #0] mapred.MapTask (MapTask.java:flush(1476)) - bufstart = 0; bufend = 128; bufvoid = 104857600
2019-02-19 21:40:12,444 INFO  [LocalJobRunner Map Task Executor #0] mapred.MapTask (MapTask.java:flush(1478)) - kvstart = 26214396(104857584); kvend = 26214368(104857472); length = 29/6553600
2019-02-19 21:40:12,451 INFO  [LocalJobRunner Map Task Executor #0] mapred.MapTask (MapTask.java:sortAndSpill(1660)) - Finished spill 0
2019-02-19 21:40:12,459 INFO  [LocalJobRunner Map Task Executor #0] mapred.Task (Task.java:done(1001)) - Task:attempt_local326475421_0002_m_000000_0 is done. And is in the process of committing
2019-02-19 21:40:12,470 INFO  [LocalJobRunner Map Task Executor #0] mapred.LocalJobRunner (LocalJobRunner.java:statusUpdate(591)) - map
2019-02-19 21:40:12,470 INFO  [LocalJobRunner Map Task Executor #0] mapred.Task (Task.java:sendDone(1121)) - Task 'attempt_local326475421_0002_m_000000_0' done.
2019-02-19 21:40:12,470 INFO  [LocalJobRunner Map Task Executor #0] mapred.LocalJobRunner (LocalJobRunner.java:run(249)) - Finishing task: attempt_local326475421_0002_m_000000_0
2019-02-19 21:40:12,471 INFO  [Thread-37] mapred.LocalJobRunner (LocalJobRunner.java:runTasks(456)) - map task executor complete.
2019-02-19 21:40:12,484 INFO  [Thread-37] mapred.LocalJobRunner (LocalJobRunner.java:runTasks(448)) - Waiting for reduce tasks
2019-02-19 21:40:12,484 INFO  [pool-6-thread-1] mapred.LocalJobRunner (LocalJobRunner.java:run(302)) - Starting task: attempt_local326475421_0002_r_000000_0
2019-02-19 21:40:12,496 INFO  [pool-6-thread-1] mapred.Task (Task.java:initialize(587)) -  Using ResourceCalculatorProcessTree : [ ]
2019-02-19 21:40:12,496 INFO  [pool-6-thread-1] mapred.ReduceTask (ReduceTask.java:run(362)) - Using ShuffleConsumerPlugin: org.apache.hadoop.mapreduce.task.reduce.Shuffle@2effbb72
2019-02-19 21:40:12,500 INFO  [pool-6-thread-1] reduce.MergeManagerImpl (MergeManagerImpl.java:<init>(196)) - MergerManager: memoryLimit=703542080, maxSingleShuffleLimit=175885520, mergeThreshold=464337792, ioSortFactor=10, memToMemMergeOutputsThreshold=10
2019-02-19 21:40:12,523 INFO  [EventFetcher for fetching Map Completion Events] reduce.EventFetcher (EventFetcher.java:run(61)) - attempt_local326475421_0002_r_000000_0 Thread started: EventFetcher for fetching Map Completion Events
2019-02-19 21:40:12,524 INFO  [localfetcher#2] reduce.LocalFetcher (LocalFetcher.java:copyMapOutput(141)) - localfetcher#2 about to shuffle output of map attempt_local326475421_0002_m_000000_0 decomp: 146 len: 150 to MEMORY
2019-02-19 21:40:12,525 INFO  [localfetcher#2] reduce.InMemoryMapOutput (InMemoryMapOutput.java:shuffle(100)) - Read 146 bytes from map-output for attempt_local326475421_0002_m_000000_0
2019-02-19 21:40:12,527 INFO  [localfetcher#2] reduce.MergeManagerImpl (MergeManagerImpl.java:closeInMemoryFile(314)) - closeInMemoryFile -> map-output of size: 146, inMemoryMapOutputs.size() -> 1, commitMemory -> 0, usedMemory ->146
2019-02-19 21:40:12,529 INFO  [EventFetcher for fetching Map Completion Events] reduce.EventFetcher (EventFetcher.java:run(76)) - EventFetcher is interrupted.. Returning
2019-02-19 21:40:12,530 INFO  [pool-6-thread-1] mapred.LocalJobRunner (LocalJobRunner.java:statusUpdate(591)) - 1 / 1 copied.
2019-02-19 21:40:12,530 INFO  [pool-6-thread-1] reduce.MergeManagerImpl (MergeManagerImpl.java:finalMerge(674)) - finalMerge called with 1 in-memory map-outputs and 0 on-disk map-outputs
2019-02-19 21:40:12,531 INFO  [pool-6-thread-1] mapred.Merger (Merger.java:merge(597)) - Merging 1 sorted segments
2019-02-19 21:40:12,531 INFO  [pool-6-thread-1] mapred.Merger (Merger.java:merge(696)) - Down to the last merge-pass, with 1 segments left of total size: 136 bytes
2019-02-19 21:40:12,532 INFO  [pool-6-thread-1] reduce.MergeManagerImpl (MergeManagerImpl.java:finalMerge(751)) - Merged 1 segments, 146 bytes to disk to satisfy reduce memory limit
2019-02-19 21:40:12,532 INFO  [pool-6-thread-1] reduce.MergeManagerImpl (MergeManagerImpl.java:finalMerge(781)) - Merging 1 files, 150 bytes from disk
2019-02-19 21:40:12,532 INFO  [pool-6-thread-1] reduce.MergeManagerImpl (MergeManagerImpl.java:finalMerge(796)) - Merging 0 segments, 0 bytes from memory into reduce
2019-02-19 21:40:12,532 INFO  [pool-6-thread-1] mapred.Merger (Merger.java:merge(597)) - Merging 1 sorted segments
2019-02-19 21:40:12,532 INFO  [pool-6-thread-1] mapred.Merger (Merger.java:merge(696)) - Down to the last merge-pass, with 1 segments left of total size: 136 bytes
2019-02-19 21:40:12,533 INFO  [pool-6-thread-1] mapred.LocalJobRunner (LocalJobRunner.java:statusUpdate(591)) - 1 / 1 copied.
INSIDE REDUCER2
INSIDE REDUCER INSIDE FOR LOOP1
INSIDE REDUCER INSIDE FOR LOOP1
INSIDE REDUCER3
INSIDE REDUCER INSIDE FOR LOOP1
INSIDE REDUCER INSIDE FOR LOOP1
INSIDE REDUCER4
INSIDE REDUCER INSIDE FOR LOOP1
INSIDE REDUCER5
INSIDE REDUCER INSIDE FOR LOOP1
INSIDE REDUCER INSIDE FOR LOOP1
INSIDE REDUCER7
INSIDE REDUCER INSIDE FOR LOOP1
2019-02-19 21:40:12,583 INFO  [pool-6-thread-1] mapred.Task (Task.java:done(1001)) - Task:attempt_local326475421_0002_r_000000_0 is done. And is in the process of committing
2019-02-19 21:40:12,584 INFO  [pool-6-thread-1] mapred.LocalJobRunner (LocalJobRunner.java:statusUpdate(591)) - 1 / 1 copied.
2019-02-19 21:40:12,584 INFO  [pool-6-thread-1] mapred.Task (Task.java:commit(1162)) - Task attempt_local326475421_0002_r_000000_0 is allowed to commit now
2019-02-19 21:40:12,588 INFO  [pool-6-thread-1] output.FileOutputCommitter (FileOutputCommitter.java:commitTask(439)) - Saved output of task 'attempt_local326475421_0002_r_000000_0' to file:/home/rsharma/project1/output/_temporary/0/task_local326475421_0002_r_000000
2019-02-19 21:40:12,589 INFO  [pool-6-thread-1] mapred.LocalJobRunner (LocalJobRunner.java:statusUpdate(591)) - reduce > reduce
2019-02-19 21:40:12,589 INFO  [pool-6-thread-1] mapred.Task (Task.java:sendDone(1121)) - Task 'attempt_local326475421_0002_r_000000_0' done.
2019-02-19 21:40:12,589 INFO  [pool-6-thread-1] mapred.LocalJobRunner (LocalJobRunner.java:run(325)) - Finishing task: attempt_local326475421_0002_r_000000_0
2019-02-19 21:40:12,589 INFO  [Thread-37] mapred.LocalJobRunner (LocalJobRunner.java:runTasks(456)) - reduce task executor complete.
2019-02-19 21:40:13,213 INFO  [main] mapreduce.Job (Job.java:monitorAndPrintJob(1366)) - Job job_local326475421_0002 running in uber mode : false
2019-02-19 21:40:13,213 INFO  [main] mapreduce.Job (Job.java:monitorAndPrintJob(1373)) -  map 100% reduce 100%
2019-02-19 21:40:13,213 INFO  [main] mapreduce.Job (Job.java:monitorAndPrintJob(1384)) - Job job_local326475421_0002 completed successfully
2019-02-19 21:40:13,217 INFO  [main] mapreduce.Job (Job.java:monitorAndPrintJob(1391)) - Counters: 33
	File System Counters
		FILE: Number of bytes read=22730
		FILE: Number of bytes written=1035782
		FILE: Number of read operations=0
		FILE: Number of large read operations=0
		FILE: Number of write operations=0
	Map-Reduce Framework
		Map input records=8
		Map output records=8
		Map output bytes=128
		Map output materialized bytes=150
		Input split bytes=91
		Combine input records=0
		Combine output records=0
		Reduce input groups=5
		Reduce shuffle bytes=150
		Reduce input records=8
		Reduce output records=5
		Spilled Records=16
		Shuffled Maps =1
		Failed Shuffles=0
		Merged Map outputs=1
		GC time elapsed (ms)=106
		CPU time spent (ms)=0
		Physical memory (bytes) snapshot=0
		Virtual memory (bytes) snapshot=0
		Total committed heap usage (bytes)=2010120192
	Shuffle Errors
		BAD_ID=0
		CONNECTION=0
		IO_ERROR=0
		WRONG_LENGTH=0
		WRONG_MAP=0
		WRONG_REDUCE=0
	File Input Format Counters 
		Bytes Read=298
	File Output Format Counters 
		Bytes Written=32
